[debug] [2020-01-09T19:59:21.022Z] ----------------------------------------------------------------------
[debug] [2020-01-09T19:59:21.024Z] Command:       /usr/local/bin/node /usr/local/bin/firebase deploy
[debug] [2020-01-09T19:59:21.024Z] CLI Version:   7.11.0
[debug] [2020-01-09T19:59:21.024Z] Platform:      darwin
[debug] [2020-01-09T19:59:21.024Z] Node Version:  v12.14.0
[debug] [2020-01-09T19:59:21.025Z] Time:          Thu Jan 09 2020 20:59:21 GMT+0100 (GMT+01:00)
[debug] [2020-01-09T19:59:21.025Z] ----------------------------------------------------------------------
[debug] [2020-01-09T19:59:21.025Z] 
[debug] [2020-01-09T19:59:21.032Z] > command requires scopes: ["email","openid","https://www.googleapis.com/auth/cloudplatformprojects.readonly","https://www.googleapis.com/auth/firebase","https://www.googleapis.com/auth/cloud-platform"]
[debug] [2020-01-09T19:59:21.032Z] > authorizing via signed-in user
[debug] [2020-01-09T19:59:21.032Z] [iam] checking project tyngreninja for permissions ["cloudfunctions.functions.create","cloudfunctions.functions.delete","cloudfunctions.functions.get","cloudfunctions.functions.list","cloudfunctions.functions.update","cloudfunctions.operations.get","firebase.projects.get","firebasehosting.sites.update"]
[debug] [2020-01-09T19:59:21.033Z] >>> HTTP REQUEST POST https://cloudresourcemanager.googleapis.com/v1/projects/tyngreninja:testIamPermissions  

[debug] [2020-01-09T19:59:22.048Z] <<< HTTP RESPONSE 200
[debug] [2020-01-09T19:59:22.050Z] >>> HTTP REQUEST GET https://firebase.googleapis.com/v1beta1/projects/tyngreninja  
 
[debug] [2020-01-09T19:59:22.338Z] <<< HTTP RESPONSE 200
[info] 
[info] === Deploying to 'tyngreninja'...
[info] 
[info] i  deploying functions, hosting
[debug] [2020-01-09T19:59:23.468Z] > [functions] package.json contents: {
  "name": "functions",
  "description": "Cloud Functions for Firebase",
  "scripts": {
    "serve": "firebase serve --only functions",
    "shell": "firebase functions:shell",
    "start": "npm run shell",
    "deploy": "firebase deploy --only functions",
    "logs": "firebase functions:log"
  },
  "engines": {
    "node": "8"
  },
  "dependencies": {
    "firebase-admin": "^8.6.0",
    "firebase-functions": "^3.3.0",
    "moment": "^2.24.0"
  },
  "devDependencies": {
    "firebase-functions-test": "^0.1.6"
  },
  "private": true
}
[info] i  functions: ensuring necessary APIs are enabled...
[debug] [2020-01-09T19:59:23.469Z] >>> HTTP REQUEST GET https://serviceusage.googleapis.com/v1/projects/tyngreninja/services/cloudfunctions.googleapis.com  
 
[debug] [2020-01-09T19:59:23.469Z] >>> HTTP REQUEST GET https://serviceusage.googleapis.com/v1/projects/tyngreninja/services/runtimeconfig.googleapis.com  
 
